<?xml version="1.0" encoding="UTF-8"?>
<testng-results ignored="0" total="1" passed="1" failed="0" skipped="0">
  <reporter-output>
  </reporter-output>
  <suite started-at="2021-12-23T15:02:47 IST" name="Surefire suite" finished-at="2021-12-23T15:02:59 IST" duration-ms="11137">
    <groups>
    </groups>
    <test started-at="2021-12-23T15:02:47 IST" name="Surefire test" finished-at="2021-12-23T15:02:59 IST" duration-ms="11137">
      <class name="bdd.Maps.AppTest">
        <test-method signature="shouldAnswerWithTrue()" started-at="2021-12-23T15:02:47 IST" name="shouldAnswerWithTrue" finished-at="2021-12-23T15:02:47 IST" duration-ms="18" status="PASS">
          <reporter-output>
          </reporter-output>
        </test-method> <!-- shouldAnswerWithTrue -->
      </class> <!-- bdd.Maps.AppTest -->
    </test> <!-- Surefire test -->
  </suite> <!-- Surefire suite -->
</testng-results>
